<?xml version="1.0" encoding="UTF-8"?>
<!-- Generated by org.testng.reporters.JUnitReportReporter -->
<testsuite hostname="SHAIK" failures="0" tests="4" name="Myntra.com.myntra.HomepageTest" time="19.560" errors="0" timestamp="2023-01-23T11:19:58 IST" skipped="0">
  <testcase classname="Myntra.com.myntra.HomepageTest" name="test" time="0.019"/>
  <system-out/>
  <testcase classname="Myntra.com.myntra.HomepageTest" name="testhomepagetitle" time="0.081"/>
  <system-out/>
  <testcase classname="Myntra.com.myntra.HomepageTest" name="testdosearchmen" time="8.918"/>
  <system-out/>
  <testcase classname="Myntra.com.myntra.HomepageTest" name="testdosearchshirts" time="10.542"/>
  <system-out/>
</testsuite> <!-- Myntra.com.myntra.HomepageTest -->
